2025-01-07 13:56:52,806 - WARNING - You are adding to a component something that already has a parent, you should either
copy it first, or remove it from the old component first, old location: socket0.compute0
2025-01-07 13:56:54,502 - INFO - Bar.sub_name  p2sb.p2sbcfg -- > p2sb.cfg
2025-01-07 13:56:54,502 - INFO - Bar.sub_name  p2sb.p2sbcfg -- > p2sb.cfg
2025-01-07 13:56:54,507 - INFO - Bar.sub_path pmc.pmc.pci_cfg -- > pmc.cfg
2025-01-07 13:56:54,507 - INFO - Bar.sub_path pmc.pmc.pci_cfg -- > pmc.cfg
2025-01-07 13:56:54,507 - INFO - Bar.sub_path pmc.pmc.pci_cfg -- > pmc.cfg
2025-01-07 13:56:54,508 - INFO - Bar.sub_path pmc.pmc.pci_cfg_ssram -- > pmc.cfg.ssram
2025-01-07 13:56:54,508 - INFO - Bar.sub_path pmc.pmc.pci_cfg_ssram -- > pmc.cfg.ssram
2025-01-07 13:56:54,510 - INFO - Bar.sub_path pxpd.sippcie2lm_inst0_pcie_cfg_port0 -- > pcie3.port0.cfg
2025-01-07 13:56:54,510 - INFO - Bar.sub_path pxpd.sippcie2lm_inst0_pcie_cfg_port0 -- > pcie3.port0.cfg
2025-01-07 13:56:54,511 - INFO - Bar.sub_path pxpe.sippcie2lm_inst0_pcie_cfg_port0 -- > pcie4.port0.cfg
2025-01-07 13:56:54,511 - INFO - Bar.sub_path pxpe.sippcie2lm_inst0_pcie_cfg_port0 -- > pcie4.port0.cfg
2025-01-07 13:56:54,512 - INFO - Bar.sub_path pxpf.sippcie1x8_inst0_pcie_cfg_port0 -- > pcie5.port0.cfg
2025-01-07 13:56:54,512 - INFO - Bar.sub_path pxpf.sippcie1x8_inst0_pcie_cfg_port0 -- > pcie5.port0.cfg
2025-01-07 13:56:54,543 - INFO - Bar.sub_path ese_soc.cse_cfmia_top -- > ese.cse.cfmia.mem
2025-01-07 13:56:54,544 - INFO - Bar.sub_path ese_soc.cse_gasket_regs_top.cse_host_regs_top -- > ese.cse.gasket.host
2025-01-07 13:56:54,544 - INFO - Bar.sub_path ese_soc.cse_gasket_regs_top.cse_host_regs_top -- > ese.cse.gasket.host
2025-01-07 13:56:54,544 - INFO - Bar.sub_path ese_soc.cse_gasket_regs_top.cse_host_regs_top -- > ese.cse.gasket.host
2025-01-07 13:56:54,544 - INFO - Bar.sub_path ese_soc.cse_gasket_regs_top.cse_host_regs_top -- > ese.cse.gasket.host
2025-01-07 13:56:54,544 - INFO - Bar.sub_path ese_soc.cse_gasket_regs_top.cse_host_regs_top -- > ese.cse.gasket.host
2025-01-07 13:56:54,544 - INFO - Bar.sub_path ese_soc.cse_gasket_regs_top.cse_host_regs_top -- > ese.cse.gasket.host
2025-01-07 13:56:54,546 - INFO - Bar.sub_path ese_soc.cse_ocs_mia_regs_top.map_lfi2ocp_configreg_pci -- > ese.cse.ocs.iosf2ocp.cfg
2025-01-07 13:56:54,557 - INFO - Bar.sub_path npk_soc.northpeak_top_map -- > northpeak
2025-01-07 13:56:54,557 - INFO - Bar.sub_path npk_soc.northpeak_top_map -- > northpeak
2025-01-07 13:56:54,558 - INFO - Bar.sub_path pdmi_soc.sippdmi_inst0_dmi_cfg_port0 -- > pdmi.port0.cfg
2025-01-07 13:56:54,558 - INFO - Bar.sub_path pdmi_soc.sippdmi_inst0_dmi_cfg_port0 -- > pdmi.port0.cfg
2025-01-07 13:56:54,559 - INFO - Bar.sub_path pdmi_soc.sippdmi_inst0_prvt_cfg_sb -- > pdmi.pvt
2025-01-07 13:56:54,559 - INFO - Bar.sub_path pdmi_soc.sippdmi_inst0_prvt_cfg_sb -- > pdmi.pvt
2025-01-07 13:56:54,561 - INFO - Bar.sub_path pmc_soc.pmc.pci_cfg -- > pmc.pmc.pci_cfg
2025-01-07 13:56:54,561 - INFO - Bar.sub_path pmc_soc.pmc.pci_cfg -- > pmc.pmc.pci_cfg
2025-01-07 13:56:54,561 - INFO - Bar.sub_path pmc_soc.pmc.pci_cfg -- > pmc.pmc.pci_cfg
2025-01-07 13:56:54,562 - INFO - Bar.sub_path pmc_soc.pmc.pci_cfg_ssram -- > pmc.pmc.pci_cfg_ssram
2025-01-07 13:56:54,562 - INFO - Bar.sub_path pmc_soc.pmc.pci_cfg_ssram -- > pmc.pmc.pci_cfg_ssram
2025-01-07 13:56:54,568 - INFO - Bar.sub_path pxpa_soc.sippcie2x16_inst0_pcie_cfg_port_0_ -- > pcie0.port0.cfg
2025-01-07 13:56:54,568 - INFO - Bar.sub_path pxpa_soc.sippcie2x16_inst0_pcie_cfg_port_0_ -- > pcie0.port0.cfg
2025-01-07 13:56:54,568 - INFO - Bar.sub_path pxpa_soc.sippcie2x16_inst0_pcie_cfg_port_1_ -- > pcie0.port1.cfg
2025-01-07 13:56:54,568 - INFO - Bar.sub_path pxpa_soc.sippcie2x16_inst0_pcie_cfg_port_1_ -- > pcie0.port1.cfg
2025-01-07 13:56:54,570 - INFO - Bar.sub_path pxpb_soc.sippcie1x4_inst0_pcie_cfg_port0 -- > pcie1.port0.cfg
2025-01-07 13:56:54,570 - INFO - Bar.sub_path pxpb_soc.sippcie1x4_inst0_pcie_cfg_port0 -- > pcie1.port0.cfg
2025-01-07 13:56:54,571 - INFO - Bar.sub_path smb_soc.smbus_cfg -- > smbus.cfg
2025-01-07 13:56:54,571 - INFO - Bar.sub_path smb_soc.smbus_cfg -- > smbus.cfg
2025-01-07 13:56:54,571 - INFO - Bar.sub_path smb_soc.smbus_cfg -- > smbus.cfg
2025-01-07 13:56:54,571 - INFO - Bar.sub_path smb_soc.smbus_cfg -- > smbus.cfg
2025-01-07 13:56:54,573 - INFO - Bar.sub_path spi_soc.espi_oob_top_inst.espi_csxe_oob_pcicfg_inst -- > espi.csme.oob.cfg
2025-01-07 13:56:54,573 - INFO - Bar.sub_path spi_soc.espi_oob_top_inst.espi_csxe_oob_pcicfg_inst -- > espi.csme.oob.cfg
2025-01-07 13:56:54,574 - INFO - Bar.sub_path spi_soc.espi_oob_top_inst.espi_pmc_oob_pcicfg_inst -- > espi.pmc.oob.cfg
2025-01-07 13:56:54,574 - INFO - Bar.sub_path spi_soc.spi_bios_pcicfg_inst -- > spi.host.cfg
2025-01-07 13:56:54,575 - INFO - Bar.sub_path spi_soc.spi_csxe_pcicfg_inst -- > spi.csme.cfg
2025-01-07 13:56:57,283 - RESULT - Loading mbist uarch nodes for: LNC C0
2025-01-07 13:56:57,303 - RESULT - Loading scandump uarch nodes for: LNC C0
2025-01-07 13:56:57,335 - RESULT - Loading ndd uarch nodes for: LNC C0
2025-01-07 13:56:57,357 - RESULT - Loading safd uarch nodes for: LNC C0
2025-01-07 13:56:57,385 - RESULT - Loading mbist array access methods
2025-01-07 13:56:57,386 - RESULT - Loading MBIST uarch nodes for: SOCN B0
2025-01-07 13:56:57,644 - RESULT - Loading Scandump uarch nodes for: SOCN B0
2025-01-07 13:56:58,324 - RESULT - Loading MBIST uarch nodes for: COMPUTE0 B0
2025-01-07 13:56:58,361 - RESULT - Loading Scandump uarch nodes for: COMPUTE0 B0
2025-01-07 13:56:58,543 - RESULT - Loading MBIST uarch nodes for: SOCS B0
2025-01-07 13:56:58,596 - RESULT - Loading Scandump uarch nodes for: SOCS B0
2025-01-07 13:56:58,771 - RESULT - Loading MBIST uarch nodes for: IOE B0
2025-01-07 13:56:58,783 - RESULT - Loading Scandump uarch nodes for: IOE B0
2025-01-07 13:56:59,090 - RESULT - Loading LDAT uarch nodes for: CCF
2025-01-07 13:56:59,090 - RESULT - Loading LDAT uarch nodes for: HAC
2025-01-07 13:57:01,677 - WARNING - You are adding to a component something that already has a parent, you should either
copy it first, or remove it from the old component first, old location: arc.io
2025-01-07 13:57:01,677 - WARNING - You are adding to a component something that already has a parent, you should either
copy it first, or remove it from the old component first, old location: arc.mmr
2025-01-07 13:57:01,677 - WARNING - You are adding to a component something that already has a parent, you should either
copy it first, or remove it from the old component first, old location: arc.cmt
2025-01-07 13:57:01,677 - WARNING - You are adding to a component something that already has a parent, you should either
copy it first, or remove it from the old component first, old location: arc.ipc
2025-01-07 13:57:01,677 - WARNING - You are adding to a component something that already has a parent, you should either
copy it first, or remove it from the old component first, old location: arc.ssram_ram
2025-01-07 13:57:01,773 - RESULT - Loading definitions from package C:\Python310\lib\site-packages\pysvext\meteorlake_pch\namednodes\uarch\b0
2025-01-07 13:57:01,773 - RESULT - Loading mbist array access methods...
2025-01-07 13:57:01,786 - RESULT - Loading scandump lmdbs...
